  main.c
main.c(106): warning C4311: '형식 캐스팅': 'BYTE *'에서 'DWORD'(으)로 포인터가 잘립니다.
main.c(207): warning C4047: 'return': 'char *'의 간접 참조 수준이 'DWORD'과(와) 다릅니다.
main.c(218): warning C4047: 'return': 'char *'의 간접 참조 수준이 'DWORD'과(와) 다릅니다.
main.c(226): warning C4047: 'return': 'char *'의 간접 참조 수준이 'DWORD'과(와) 다릅니다.
main.c(240): warning C4047: 'return': 'char *'의 간접 참조 수준이 'DWORD'과(와) 다릅니다.
main.c(250): warning C4047: 'return': 'char *'의 간접 참조 수준이 'DWORD'과(와) 다릅니다.
main.c(205): warning C4477: 'printf' : 서식 문자열 '%s'에 'char *' 형식의 인수가 필요하지만 variadic 인수 1의 형식이 'LPCWSTR'입니다.
  main.c(205): note: 서식 문자열에서 '%ls'을(를) 사용하는 것이 좋습니다.
  main.c(205): note: 서식 문자열에서 '%lls'을(를) 사용하는 것이 좋습니다.
  main.c(205): note: 서식 문자열에서 '%Ls'을(를) 사용하는 것이 좋습니다.
  main.c(205): note: 서식 문자열에서 '%ws'을(를) 사용하는 것이 좋습니다.
main.c(260): warning C4996: 'sprintf': This function or variable may be unsafe. Consider using sprintf_s instead. To disable deprecation, use _CRT_SECURE_NO_WARNINGS. See online help for details.
  C:\Program Files (x86)\Windows Kits\10\Include\10.0.10240.0\ucrt\stdio.h(1769): note: 'sprintf' 선언을 참조하십시오.
  코드를 생성하고 있습니다.
  0 of 14 functions ( 0.0%) were compiled, the rest were copied from previous compilation.
    0 functions were new in current compilation
    0 functions had inline decision re-evaluated but remain unchanged
  코드를 생성했습니다.
  Program list.vcxproj -> D:\Language\C++\Program list\x64\Release\Program list.exe
  Program list.vcxproj -> D:\Language\C++\Program list\x64\Release\Program list.pdb (Full PDB)
